<?xml version="1.0" encoding="UTF-8"?>
<!-- Generated by org.testng.reporters.JUnitXMLReporter -->
<testsuite ignored="0" hostname="192.168.1.9" failures="0" tests="3" name="HomeTests" time="7.081" errors="0" timestamp="05 mar. 2022 14:11:43 GMT">
  <testcase classname="HomeTests" name="validateClickableMadridBtn" time="0.101"/>
  <testcase classname="HomeTests" name="validateDateCalendar" time="0.142"/>
  <testcase classname="HomeTests" name="validateTitleTweetsMadrid" time="1.189"/>
</testsuite> <!-- HomeTests -->
