<?xml version="1.0" encoding="UTF-8"?>
<testng-results ignored="0" total="3" passed="3" failed="0" skipped="0">
  <reporter-output>
  </reporter-output>
  <suite started-at="2022-03-05T14:11:36Z" name="Home" finished-at="2022-03-05T14:11:43Z" duration-ms="7081">
    <groups>
    </groups>
    <test started-at="2022-03-05T14:11:36Z" name="HomeTests" finished-at="2022-03-05T14:11:43Z" duration-ms="7081">
      <class name="HomeTests">
        <test-method is-config="true" signature="setUp()[pri:0, instance:HomeTests@73e22a3d]" started-at="2022-03-05T14:11:36Z" name="setUp" finished-at="2022-03-05T14:11:38Z" duration-ms="2390" status="PASS">
          <reporter-output>
          </reporter-output>
        </test-method> <!-- setUp -->
        <test-method is-config="true" signature="goHome()[pri:0, instance:HomeTests@73e22a3d]" started-at="2022-03-05T14:11:38Z" name="goHome" finished-at="2022-03-05T14:11:40Z" duration-ms="2001" status="PASS">
          <reporter-output>
          </reporter-output>
        </test-method> <!-- goHome -->
        <test-method is-config="true" signature="systemDate()[pri:0, instance:HomeTests@73e22a3d]" started-at="2022-03-05T14:11:40Z" name="systemDate" finished-at="2022-03-05T14:11:40Z" duration-ms="20" status="PASS">
          <reporter-output>
          </reporter-output>
        </test-method> <!-- systemDate -->
        <test-method signature="validateClickableMadridBtn()[pri:0, instance:HomeTests@73e22a3d]" started-at="2022-03-05T14:11:40Z" name="validateClickableMadridBtn" finished-at="2022-03-05T14:11:40Z" duration-ms="101" status="PASS">
          <reporter-output>
          </reporter-output>
        </test-method> <!-- validateClickableMadridBtn -->
        <test-method is-config="true" signature="goHome()[pri:0, instance:HomeTests@73e22a3d]" started-at="2022-03-05T14:11:40Z" name="goHome" finished-at="2022-03-05T14:11:41Z" duration-ms="419" status="PASS">
          <reporter-output>
          </reporter-output>
        </test-method> <!-- goHome -->
        <test-method signature="validateDateCalendar()[pri:0, instance:HomeTests@73e22a3d]" started-at="2022-03-05T14:11:41Z" name="validateDateCalendar" finished-at="2022-03-05T14:11:41Z" duration-ms="142" status="PASS">
          <reporter-output>
          </reporter-output>
        </test-method> <!-- validateDateCalendar -->
        <test-method is-config="true" signature="systemDate()[pri:0, instance:HomeTests@73e22a3d]" started-at="2022-03-05T14:11:41Z" name="systemDate" finished-at="2022-03-05T14:11:41Z" duration-ms="0" status="PASS">
          <reporter-output>
          </reporter-output>
        </test-method> <!-- systemDate -->
        <test-method is-config="true" signature="goHome()[pri:0, instance:HomeTests@73e22a3d]" started-at="2022-03-05T14:11:41Z" name="goHome" finished-at="2022-03-05T14:11:42Z" duration-ms="641" status="PASS">
          <reporter-output>
          </reporter-output>
        </test-method> <!-- goHome -->
        <test-method is-config="true" signature="systemDate()[pri:0, instance:HomeTests@73e22a3d]" started-at="2022-03-05T14:11:42Z" name="systemDate" finished-at="2022-03-05T14:11:42Z" duration-ms="0" status="PASS">
          <reporter-output>
          </reporter-output>
        </test-method> <!-- systemDate -->
        <test-method signature="validateTitleTweetsMadrid()[pri:0, instance:HomeTests@73e22a3d]" started-at="2022-03-05T14:11:42Z" name="validateTitleTweetsMadrid" finished-at="2022-03-05T14:11:43Z" duration-ms="1189" status="PASS">
          <reporter-output>
          </reporter-output>
        </test-method> <!-- validateTitleTweetsMadrid -->
        <test-method is-config="true" signature="tearDown()[pri:0, instance:HomeTests@73e22a3d]" started-at="2022-03-05T14:11:43Z" name="tearDown" finished-at="2022-03-05T14:11:43Z" duration-ms="162" status="PASS">
          <reporter-output>
          </reporter-output>
        </test-method> <!-- tearDown -->
      </class> <!-- HomeTests -->
    </test> <!-- HomeTests -->
  </suite> <!-- Home -->
</testng-results>
